<?xml version="1.0" encoding="UTF-8"?>
<!-- Generated by org.testng.reporters.JUnitReportReporter -->
<testsuite hostname="Arjun" failures="0" tests="1" name="com.appium.TestFlipkart" time="45.634" errors="0" timestamp="2021-07-10T22:58:46 IST" skipped="0">
  <testcase classname="com.appium.TestFlipkart" name="testLocation" time="45.634"/>
  <system-out/>
</testsuite> <!-- com.appium.TestFlipkart -->
